0 info it worked if it ends with ok
1 verbose cli [ 'C:\\Program Files\\nodejs\\node.exe',
1 verbose cli   'C:\\Program Files\\nodejs\\node_modules\\npm\\bin\\npm-cli.js',
1 verbose cli   'run',
1 verbose cli   'docs:dev' ]
2 info using npm@3.10.10
3 info using node@v6.17.1
4 verbose run-script [ 'predocs:dev', 'docs:dev', 'postdocs:dev' ]
5 info lifecycle web-press@1.0.0~predocs:dev: web-press@1.0.0
6 silly lifecycle web-press@1.0.0~predocs:dev: no script for predocs:dev, continuing
7 info lifecycle web-press@1.0.0~docs:dev: web-press@1.0.0
8 verbose lifecycle web-press@1.0.0~docs:dev: unsafe-perm in lifecycle true
9 verbose lifecycle web-press@1.0.0~docs:dev: PATH: C:\Users\Admin\AppData\Roaming\nvm\v6.17.1\node_modules\npm\bin\node-gyp-bin;E:\2019年\技术文档搭建\web-press\node_modules\.bin;D:\apache-maven-3.5.3\bin;e:\app\admin\product\11.2.0\dbhome_1\bin;c:\programdata\oracle\java\javapath;C:\Windows\system32;C:\Windows;C:\Windows\system32\wbem;C:\Windows\system32\windowspowershell\v1.0\;c:\program files\tortoisegit\bin;c:\program files\git\cmd;%catalina_home%\lib;%catalina_home%\bin;d:\svn\bin;c:\windows\system32;c:\program files\ibm\gsk8\lib64;c:\program files (x86)\ibm\gsk8\lib;C:\Program Files\IBM\SQLLIB\BIN;C:\Program Files\IBM\SQLLIB\FUNCTION;C:\Program Files\IBM\SQLLIB\SAMPLES\REPL;C:\Users\Admin\AppData\Roaming\nvm;C:\Program Files\nodejs;;D:\apache-maven-3.5.3/bin;D:\java\jdk1.8.0_161\bin;D:\java\jdk1.8.0_161\jre\bin;D:\vscode\Microsoft VS Code\bin;C:\Users\Admin\AppData\Roaming\npm;C:\Users\Admin\AppData\Roaming\nvm;C:\Program Files\nodejs
10 verbose lifecycle web-press@1.0.0~docs:dev: CWD: E:\2019年\技术文档搭建\web-press
11 silly lifecycle web-press@1.0.0~docs:dev: Args: [ '/d /s /c', 'vuepress dev docs' ]
12 silly lifecycle web-press@1.0.0~docs:dev: Returned: code: 1  signal: null
13 info lifecycle web-press@1.0.0~docs:dev: Failed to exec docs:dev script
14 verbose stack Error: web-press@1.0.0 docs:dev: `vuepress dev docs`
14 verbose stack Exit status 1
14 verbose stack     at EventEmitter.<anonymous> (C:\Users\Admin\AppData\Roaming\nvm\v6.17.1\node_modules\npm\lib\utils\lifecycle.js:255:16)
14 verbose stack     at emitTwo (events.js:106:13)
14 verbose stack     at EventEmitter.emit (events.js:191:7)
14 verbose stack     at ChildProcess.<anonymous> (C:\Users\Admin\AppData\Roaming\nvm\v6.17.1\node_modules\npm\lib\utils\spawn.js:40:14)
14 verbose stack     at emitTwo (events.js:106:13)
14 verbose stack     at ChildProcess.emit (events.js:191:7)
14 verbose stack     at maybeClose (internal/child_process.js:920:16)
14 verbose stack     at Process.ChildProcess._handle.onexit (internal/child_process.js:230:5)
15 verbose pkgid web-press@1.0.0
16 verbose cwd E:\2019年\技术文档搭建\web-press
17 error Windows_NT 6.1.7601
18 error argv "C:\\Program Files\\nodejs\\node.exe" "C:\\Program Files\\nodejs\\node_modules\\npm\\bin\\npm-cli.js" "run" "docs:dev"
19 error node v6.17.1
20 error npm  v3.10.10
21 error code ELIFECYCLE
22 error web-press@1.0.0 docs:dev: `vuepress dev docs`
22 error Exit status 1
23 error Failed at the web-press@1.0.0 docs:dev script 'vuepress dev docs'.
23 error Make sure you have the latest version of node.js and npm installed.
23 error If you do, this is most likely a problem with the web-press package,
23 error not with npm itself.
23 error Tell the author that this fails on your system:
23 error     vuepress dev docs
23 error You can get information on how to open an issue for this project with:
23 error     npm bugs web-press
23 error Or if that isn't available, you can get their info via:
23 error     npm owner ls web-press
23 error There is likely additional logging output above.
24 verbose exit [ 1, true ]
